nohup: ignoring input
10
[0.2, 0.4, 0.6, 0.735, 1.0, 1.25, 1.5, 2.0, 2.5, 3.0]
/home/einnew90/qiskit/venv/lib/python3.10/site-packages/pyscf/dft/libxc.py:772: UserWarning: Since PySCF-2.3, B3LYP (and B3P86) are changed to the VWN-RPA variant, the same to the B3LYP functional in Gaussian and ORCA (issue 1480). To restore the VWN5 definition, you can put the setting "B3LYP_WITH_VWN5 = True" in pyscf_conf.py
  warnings.warn('Since PySCF-2.3, B3LYP (and B3P86) are changed to the VWN-RPA variant, '
SparsePauliOp(['II', 'IZ', 'ZI', 'ZZ'],
              coeffs=[-0.63435785+0.j,  0.93048853+0.j, -0.93048853+0.j, -0.01362387+0.j])
0 SparsePauliOp(['II', 'IZ', 'ZI', 'ZZ'],
              coeffs=[-0.63435785+0.j,  0.93048853+0.j, -0.93048853+0.j, -0.01362387+0.j])
1 SparsePauliOp(['II', 'IZ', 'ZI', 'ZZ', 'XX'],
              coeffs=[-0.63435785+0.j,  0.93048853+0.j, -0.93048853+0.j, -0.01362387+0.j,
  0.15797271+0.j])
2 SparsePauliOp(['II', 'IZ', 'ZI', 'ZZ', 'XX'],
              coeffs=[-0.86257953+0.j,  0.68881943+0.j, -0.68881943+0.j, -0.01291397+0.j,
  0.16451542+0.j])
3 SparsePauliOp(['II', 'IZ', 'ZI', 'ZZ', 'XX'],
              coeffs=[-1.00712708+0.j,  0.49401379+0.j, -0.49401379+0.j, -0.01206439+0.j,
  0.17373064+0.j])
4 SparsePauliOp(['II', 'IZ', 'ZI', 'ZZ', 'XX'],
              coeffs=[-1.05237325+0.j,  0.39793742+0.j, -0.39793742+0.j, -0.0112801 +0.j,
  0.1809312 +0.j])
5 SparsePauliOp(['II', 'IZ', 'ZI', 'ZZ', 'XX'],
              coeffs=[-1.06924349+0.j,  0.26752865+0.j, -0.26752865+0.j, -0.00901493+0.j,
  0.19679058+0.j])
6 SparsePauliOp(['II', 'IZ', 'ZI', 'ZZ', 'XX'],
              coeffs=[-1.04656497+0.j,  0.1861731 +0.j, -0.1861731 +0.j, -0.00645559+0.j,
  0.2131024 +0.j])
7 SparsePauliOp(['II', 'IZ', 'ZI', 'ZZ', 'XX'],
              coeffs=[-1.00964469+0.j,  0.12910131+0.j, -0.12910131+0.j, -0.00418896+0.j,
  0.22953594+0.j])
8 SparsePauliOp(['II', 'IZ', 'ZI', 'ZZ', 'XX'],
              coeffs=[-0.92855635+0.j,  0.06062801+0.j, -0.06062801+0.j, -0.0014311 +0.j,
  0.25913847+0.j])
9 SparsePauliOp(['II', 'IZ', 'ZI', 'ZZ', 'XX'],
              coeffs=[-8.60722505e-01+0.j,  2.71346994e-02+0.j, -2.71346994e-02+0.j,
 -3.77419941e-04+0.j,  2.82210046e-01+0.j])
10 SparsePauliOp(['II', 'IZ', 'ZI', 'ZZ', 'XX'],
              coeffs=[-8.10043743e-01+0.j,  1.12352608e-02+0.j, -1.12352608e-02+0.j,
 -7.36102718e-05+0.j,  2.99211543e-01+0.j])
SparsePauliOp(['XX'],
              coeffs=[0.15797271+0.j])
SparsePauliOp(['II', 'IZ', 'ZI', 'ZZ', 'XX'],
              coeffs=[-0.22822168+0.j, -0.2416691 +0.j,  0.2416691 +0.j,  0.0007099 +0.j,
  0.00654272+0.j])
SparsePauliOp(['II', 'IZ', 'ZI', 'ZZ', 'XX'],
              coeffs=[-0.14454755+0.j, -0.19480564+0.j,  0.19480564+0.j,  0.00084958+0.j,
  0.00921522+0.j])
SparsePauliOp(['II', 'IZ', 'ZI', 'ZZ', 'XX'],
              coeffs=[-0.04524617+0.j, -0.09607636+0.j,  0.09607636+0.j,  0.00078429+0.j,
  0.00720056+0.j])
SparsePauliOp(['II', 'IZ', 'ZI', 'ZZ', 'XX'],
              coeffs=[-0.01687024+0.j, -0.13040877+0.j,  0.13040877+0.j,  0.00226517+0.j,
  0.01585938+0.j])
SparsePauliOp(['II', 'IZ', 'ZI', 'ZZ', 'XX'],
              coeffs=[ 0.02267852+0.j, -0.08135555+0.j,  0.08135555+0.j,  0.00255934+0.j,
  0.01631182+0.j])
SparsePauliOp(['II', 'IZ', 'ZI', 'ZZ', 'XX'],
              coeffs=[ 0.03692028+0.j, -0.05707179+0.j,  0.05707179+0.j,  0.00226664+0.j,
  0.01643353+0.j])
SparsePauliOp(['II', 'IZ', 'ZI', 'ZZ', 'XX'],
              coeffs=[ 0.08108835+0.j, -0.0684733 +0.j,  0.0684733 +0.j,  0.00275785+0.j,
  0.02960254+0.j])
SparsePauliOp(['II', 'IZ', 'ZI', 'ZZ', 'XX'],
              coeffs=[ 0.06783384+0.j, -0.03349331+0.j,  0.03349331+0.j,  0.00105368+0.j,
  0.02307157+0.j])
SparsePauliOp(['II', 'IZ', 'ZI', 'ZZ', 'XX'],
              coeffs=[ 0.05067876+0.j, -0.01589944+0.j,  0.01589944+0.j,  0.00030381+0.j,
  0.0170015 +0.j])
[('XX', (0.15797270862807095+0j))]
[('II', (-0.2282216810286669+0j)), ('IZ', (-0.2416690989530791+0j)), ('ZI', (0.2416690989530791+0j)), ('ZZ', (0.0007098958027267066+0j)), ('XX', (0.0065427153944951355+0j))]
[('II', (-0.14454754533191605+0j)), ('IZ', (-0.19480564297812852+0j)), ('ZI', (0.19480564297812852+0j)), ('ZZ', (0.0008495796285027668+0j)), ('XX', (0.009215219723092638+0j))]
[('II', (-0.0452461687704957+0j)), ('IZ', (-0.09607636174318596+0j)), ('ZI', (0.0960763617431859+0j)), ('ZZ', (0.0007842854511582176+0j)), ('XX', (0.007200556038572559+0j))]
[('II', (-0.01687024463907072+0j)), ('IZ', (-0.13040877490109337+0j)), ('ZI', (0.13040877490109348+0j)), ('ZZ', (0.002265174198068959+0j)), ('XX', (0.01585938370123885+0j))]
[('II', (0.022678520495944987+0j)), ('IZ', (-0.08135554674212836+0j)), ('ZI', (0.0813555467421283+0j)), ('ZZ', (0.0025593365691569947+0j)), ('XX', (0.016311817828680686+0j))]
[('II', (0.036920275555792914+0j)), ('IZ', (-0.05707179031284665+0j)), ('ZI', (0.057071790312846704+0j)), ('ZZ', (0.002266635228981101+0j)), ('XX', (0.01643353474555101+0j))]
[('II', (0.08108834850321267+0j)), ('IZ', (-0.06847330398485121+0j)), ('ZI', (0.06847330398485116+0j)), ('ZZ', (0.0027578543358819374+0j)), ('XX', (0.029602538821354912+0j))]
[('II', (0.06783384067587184+0j)), ('IZ', (-0.033493309476362074+0j)), ('ZI', (0.03349330947636213+0j)), ('ZZ', (0.0010536839827696431+0j)), ('XX', (0.023071571094329613+0j))]
[('II', (0.05067876176813613+0j)), ('IZ', (-0.015899438603673866+0j)), ('ZI', (0.015899438603673703+0j)), ('ZZ', (0.0003038096695477249+0j)), ('XX', (0.0170014972843604+0j))]
/home/einnew90/2-qubit/H2/qasm/H2.py:183: ComplexWarning: Casting complex values to real discards the imaginary part
  norms_exact[alpha,i] = phi.conj()@phi
[1. 1. 1. 1.] [-2.48171104 -0.64798172 -0.64798172  1.24024307]
[0.99820823 1.         1.         0.99820823] [-2.48840392 -0.80595442 -0.49000901  1.24693595]
[0.99791686 1.         1.         0.99791686] [-2.23709273 -1.04000893 -0.71097808  0.53776161]
[0.99715685 1.         1.         0.99715685] [-1.99824803 -1.19292211 -0.84546082  0.00812265]
[0.99654663 1.         1.         0.99654663] [-1.85727503 -1.24458455 -0.88272215 -0.22491125]
[0.99241286 1.         1.         0.99241286] [-1.63032754 -1.275049   -0.88146784 -0.49012958]
[0.98547798 1.         1.         0.98547798] [-1.46912491 -1.26612296 -0.83991816 -0.61109384]
[0.97497203 1.         1.         0.97497203] [-1.35093416 -1.24336959 -0.78429772 -0.65997731]
[0.93525666 1.         1.         0.93525666] [-1.21322972 -1.18912592 -0.67084897 -0.64102077]
[0.92098717 1.         1.         0.92098717] [-1.1477258  -1.14330997 -0.57888988 -0.57296437]
[0.91794425 1.         1.         0.91794425] [-1.11002425 -1.1093289  -0.51090581 -0.50991602]
[0.+0.j 1.+0.j 0.+0.j 0.+0.j]
[-0.70710678+0.j  0.        +0.j  0.        +0.j  0.70710678+0.j]
[0.70710678+0.j 0.        +0.j 0.        +0.j 0.70710678+0.j]
[0.+0.j 0.+0.j 1.+0.j 0.+0.j]
32 300
SparsePauliOp(['IIZ'],
              coeffs=[1.+0.j])
waiting...
/home/einnew90/2-qubit/H2/qasm/H2.py:767: ComplexWarning: Casting complex values to real discards the imaginary part
  eigen_energies_qzmc[alpha,i] = eigen_energies_qzmc[alpha-1,i] + dE1
1 0.997005 0.0006013724231301865
# 1/4: 10.0%
waiting...
2 0.9978100000000002 0.0006214696206745529
# 1/4: 20.0%
waiting...
3 0.9965300000000002 0.0008383135961635979
# 1/4: 30.0%
waiting...
4 0.9964050000000002 0.0007436776734346395
# 1/4: 40.0%
waiting...
5 0.9912050000000004 0.00046619733195552016
# 1/4: 50.0%
waiting...
6 0.9842600000000001 0.0005447304245551621
# 1/4: 60.0%
waiting...
7 0.96989 0.0015792247555486139
# 1/4: 70.0%
waiting...
8 0.9234 -0.0007249055695490725
# 1/4: 80.0%
waiting...
9 0.916195 0.0012719659663031901
# 1/4: 90.0%
waiting...
10 0.9173950000000002 0.0001851638207859274
# 1/4: 100.0%
waiting...
1 1.0 1.1102230246251565e-16
# 2/4: 10.0%
waiting...
2 0.9999899999999999 0.00024532575279301305
# 2/4: 20.0%
waiting...
3 1.0 0.0002755667035534426
# 2/4: 30.0%
waiting...
4 0.9999849999999999 0.00013622965047122015
# 2/4: 40.0%
waiting...
5 0.999995 0.00017739924320236966
# 2/4: 50.0%
waiting...
6 0.999995 0.00019236853510729013
# 2/4: 60.0%
waiting...
7 0.9999899999999999 0.0003845607213881497
# 2/4: 70.0%
waiting...
8 0.999995 0.00043139124909541415
# 2/4: 80.0%
waiting...
9 0.999995 0.0004720073723982754
# 2/4: 90.0%
waiting...
10 0.9999699999999998 0.0005654948847682029
# 2/4: 100.0%
waiting...
1 1.0 0.0
# 3/4: 10.0%
waiting...
2 1.0 -0.0005630890005607903
# 3/4: 20.0%
waiting...
3 0.9999899999999999 -0.0005864240828683531
# 3/4: 30.0%
waiting...
4 0.99997 -0.0005229319309384417
# 3/4: 40.0%
waiting...
5 0.9999699999999998 -0.0008070729906178853
# 3/4: 50.0%
waiting...
6 0.9999299999999998 -0.0009025002843690011
# 3/4: 60.0%
waiting...
7 0.9999749999999998 -0.0008711840920340164
# 3/4: 70.0%
waiting...
8 0.9999149999999998 -0.0011113939515267068
# 3/4: 80.0%
waiting...
9 0.9998899999999997 -0.0011004277616109004
# 3/4: 90.0%
waiting...
10 0.9997949999999999 -0.00104920614652948
# 3/4: 100.0%
waiting...
1 0.9973749999999997 0.0013572171505258357
# 4/4: 10.0%
waiting...
2 0.9977500000000002 0.001020936578769338
# 4/4: 20.0%
waiting...
3 0.9971700000000004 0.0011942423427113349
# 4/4: 30.0%
waiting...
4 0.99605 0.0011196022756463642
# 4/4: 40.0%
waiting...
5 0.9906550000000002 0.00025941136933271824
# 4/4: 50.0%
waiting...
6 0.9833449999999999 0.000845038973751211
# 4/4: 60.0%
waiting...
7 0.9734000000000002 0.0017330323792702496
# 4/4: 70.0%
waiting...
8 0.9178899999999999 0.00195188937703894
# 4/4: 80.0%
waiting...
9 0.9157650000000003 0.0029677817324398337
# 4/4: 90.0%
waiting...
10 0.9060100000000003 0.003729710772589101
# 4/4: 100.0%
