nohup: ignoring input
10
[0.2, 0.4, 0.6, 0.735, 1.0, 1.25, 1.5, 2.0, 2.5, 3.0]
/home/einnew90/qiskit/venv/lib/python3.10/site-packages/pyscf/dft/libxc.py:772: UserWarning: Since PySCF-2.3, B3LYP (and B3P86) are changed to the VWN-RPA variant, the same to the B3LYP functional in Gaussian and ORCA (issue 1480). To restore the VWN5 definition, you can put the setting "B3LYP_WITH_VWN5 = True" in pyscf_conf.py
  warnings.warn('Since PySCF-2.3, B3LYP (and B3P86) are changed to the VWN-RPA variant, '
SparsePauliOp(['II', 'IZ', 'ZI', 'ZZ'],
              coeffs=[-0.63435785+0.j,  0.93048853+0.j, -0.93048853+0.j, -0.01362387+0.j])
0 SparsePauliOp(['II', 'IZ', 'ZI', 'ZZ'],
              coeffs=[-0.63435785+0.j,  0.93048853+0.j, -0.93048853+0.j, -0.01362387+0.j])
1 SparsePauliOp(['II', 'IZ', 'ZI', 'ZZ', 'XX'],
              coeffs=[-0.63435785+0.j,  0.93048853+0.j, -0.93048853+0.j, -0.01362387+0.j,
  0.15797271+0.j])
2 SparsePauliOp(['II', 'IZ', 'ZI', 'ZZ', 'XX'],
              coeffs=[-0.86257953+0.j,  0.68881943+0.j, -0.68881943+0.j, -0.01291397+0.j,
  0.16451542+0.j])
3 SparsePauliOp(['II', 'IZ', 'ZI', 'ZZ', 'XX'],
              coeffs=[-1.00712708+0.j,  0.49401379+0.j, -0.49401379+0.j, -0.01206439+0.j,
  0.17373064+0.j])
4 SparsePauliOp(['II', 'IZ', 'ZI', 'ZZ', 'XX'],
              coeffs=[-1.05237325+0.j,  0.39793742+0.j, -0.39793742+0.j, -0.0112801 +0.j,
  0.1809312 +0.j])
5 SparsePauliOp(['II', 'IZ', 'ZI', 'ZZ', 'XX'],
              coeffs=[-1.06924349+0.j,  0.26752865+0.j, -0.26752865+0.j, -0.00901493+0.j,
  0.19679058+0.j])
6 SparsePauliOp(['II', 'IZ', 'ZI', 'ZZ', 'XX'],
              coeffs=[-1.04656497+0.j,  0.1861731 +0.j, -0.1861731 +0.j, -0.00645559+0.j,
  0.2131024 +0.j])
7 SparsePauliOp(['II', 'IZ', 'ZI', 'ZZ', 'XX'],
              coeffs=[-1.00964469+0.j,  0.12910131+0.j, -0.12910131+0.j, -0.00418896+0.j,
  0.22953594+0.j])
8 SparsePauliOp(['II', 'IZ', 'ZI', 'ZZ', 'XX'],
              coeffs=[-0.92855635+0.j,  0.06062801+0.j, -0.06062801+0.j, -0.0014311 +0.j,
  0.25913847+0.j])
9 SparsePauliOp(['II', 'IZ', 'ZI', 'ZZ', 'XX'],
              coeffs=[-8.60722505e-01+0.j,  2.71346994e-02+0.j, -2.71346994e-02+0.j,
 -3.77419941e-04+0.j,  2.82210046e-01+0.j])
10 SparsePauliOp(['II', 'IZ', 'ZI', 'ZZ', 'XX'],
              coeffs=[-8.10043743e-01+0.j,  1.12352608e-02+0.j, -1.12352608e-02+0.j,
 -7.36102718e-05+0.j,  2.99211543e-01+0.j])
SparsePauliOp(['XX'],
              coeffs=[0.15797271+0.j])
SparsePauliOp(['II', 'IZ', 'ZI', 'ZZ', 'XX'],
              coeffs=[-0.22822168+0.j, -0.2416691 +0.j,  0.2416691 +0.j,  0.0007099 +0.j,
  0.00654272+0.j])
SparsePauliOp(['II', 'IZ', 'ZI', 'ZZ', 'XX'],
              coeffs=[-0.14454755+0.j, -0.19480564+0.j,  0.19480564+0.j,  0.00084958+0.j,
  0.00921522+0.j])
SparsePauliOp(['II', 'IZ', 'ZI', 'ZZ', 'XX'],
              coeffs=[-0.04524617+0.j, -0.09607636+0.j,  0.09607636+0.j,  0.00078429+0.j,
  0.00720056+0.j])
SparsePauliOp(['II', 'IZ', 'ZI', 'ZZ', 'XX'],
              coeffs=[-0.01687024+0.j, -0.13040877+0.j,  0.13040877+0.j,  0.00226517+0.j,
  0.01585938+0.j])
SparsePauliOp(['II', 'IZ', 'ZI', 'ZZ', 'XX'],
              coeffs=[ 0.02267852+0.j, -0.08135555+0.j,  0.08135555+0.j,  0.00255934+0.j,
  0.01631182+0.j])
SparsePauliOp(['II', 'IZ', 'ZI', 'ZZ', 'XX'],
              coeffs=[ 0.03692028+0.j, -0.05707179+0.j,  0.05707179+0.j,  0.00226664+0.j,
  0.01643353+0.j])
SparsePauliOp(['II', 'IZ', 'ZI', 'ZZ', 'XX'],
              coeffs=[ 0.08108835+0.j, -0.0684733 +0.j,  0.0684733 +0.j,  0.00275785+0.j,
  0.02960254+0.j])
SparsePauliOp(['II', 'IZ', 'ZI', 'ZZ', 'XX'],
              coeffs=[ 0.06783384+0.j, -0.03349331+0.j,  0.03349331+0.j,  0.00105368+0.j,
  0.02307157+0.j])
SparsePauliOp(['II', 'IZ', 'ZI', 'ZZ', 'XX'],
              coeffs=[ 0.05067876+0.j, -0.01589944+0.j,  0.01589944+0.j,  0.00030381+0.j,
  0.0170015 +0.j])
[('XX', (0.15797270862807095+0j))]
[('II', (-0.2282216810286669+0j)), ('IZ', (-0.2416690989530791+0j)), ('ZI', (0.2416690989530791+0j)), ('ZZ', (0.0007098958027267066+0j)), ('XX', (0.0065427153944951355+0j))]
[('II', (-0.14454754533191605+0j)), ('IZ', (-0.19480564297812852+0j)), ('ZI', (0.19480564297812852+0j)), ('ZZ', (0.0008495796285027668+0j)), ('XX', (0.009215219723092638+0j))]
[('II', (-0.0452461687704957+0j)), ('IZ', (-0.09607636174318596+0j)), ('ZI', (0.0960763617431859+0j)), ('ZZ', (0.0007842854511582176+0j)), ('XX', (0.007200556038572559+0j))]
[('II', (-0.01687024463907072+0j)), ('IZ', (-0.13040877490109337+0j)), ('ZI', (0.13040877490109348+0j)), ('ZZ', (0.002265174198068959+0j)), ('XX', (0.01585938370123885+0j))]
[('II', (0.022678520495944987+0j)), ('IZ', (-0.08135554674212836+0j)), ('ZI', (0.0813555467421283+0j)), ('ZZ', (0.0025593365691569947+0j)), ('XX', (0.016311817828680686+0j))]
[('II', (0.036920275555792914+0j)), ('IZ', (-0.05707179031284665+0j)), ('ZI', (0.057071790312846704+0j)), ('ZZ', (0.002266635228981101+0j)), ('XX', (0.01643353474555101+0j))]
[('II', (0.08108834850321267+0j)), ('IZ', (-0.06847330398485121+0j)), ('ZI', (0.06847330398485116+0j)), ('ZZ', (0.0027578543358819374+0j)), ('XX', (0.029602538821354912+0j))]
[('II', (0.06783384067587184+0j)), ('IZ', (-0.033493309476362074+0j)), ('ZI', (0.03349330947636213+0j)), ('ZZ', (0.0010536839827696431+0j)), ('XX', (0.023071571094329613+0j))]
[('II', (0.05067876176813613+0j)), ('IZ', (-0.015899438603673866+0j)), ('ZI', (0.015899438603673703+0j)), ('ZZ', (0.0003038096695477249+0j)), ('XX', (0.0170014972843604+0j))]
/home/einnew90/2-qubit/H2/lagos/H2.py:183: ComplexWarning: Casting complex values to real discards the imaginary part
  norms_exact[alpha,i] = phi.conj()@phi
[1. 1. 1. 1.] [-2.48171104 -0.64798172 -0.64798172  1.24024307]
[0.99820823 1.         1.         0.99820823] [-2.48840392 -0.80595442 -0.49000901  1.24693595]
[0.99791686 1.         1.         0.99791686] [-2.23709273 -1.04000893 -0.71097808  0.53776161]
[0.99715685 1.         1.         0.99715685] [-1.99824803 -1.19292211 -0.84546082  0.00812265]
[0.99654663 1.         1.         0.99654663] [-1.85727503 -1.24458455 -0.88272215 -0.22491125]
[0.99241286 1.         1.         0.99241286] [-1.63032754 -1.275049   -0.88146784 -0.49012958]
[0.98547798 1.         1.         0.98547798] [-1.46912491 -1.26612296 -0.83991816 -0.61109384]
[0.97497203 1.         1.         0.97497203] [-1.35093416 -1.24336959 -0.78429772 -0.65997731]
[0.93525666 1.         1.         0.93525666] [-1.21322972 -1.18912592 -0.67084897 -0.64102077]
[0.92098717 1.         1.         0.92098717] [-1.1477258  -1.14330997 -0.57888988 -0.57296437]
[0.91794425 1.         1.         0.91794425] [-1.11002425 -1.1093289  -0.51090581 -0.50991602]
[0.+0.j 1.+0.j 0.+0.j 0.+0.j]
[-0.70710678+0.j  0.        +0.j  0.        +0.j  0.70710678+0.j]
[0.70710678+0.j 0.        +0.j 0.        +0.j 0.70710678+0.j]
[0.+0.j 0.+0.j 1.+0.j 0.+0.j]
7 900
SparsePauliOp(['IIZ'],
              coeffs=[1.+0.j])
[[0 2 2 2 2 2 2 2 2 2 2]
 [0 2 2 2 2 2 2 2 2 2 2]
 [0 2 2 2 2 2 2 1 0 0 0]
 [0 0 0 0 0 0 0 0 0 0 0]]
[[0 2 2 2 2 2 2 2 2 2 2]
 [0 2 2 2 2 2 2 2 2 2 2]
 [0 2 2 2 2 2 2 0 0 0 0]
 [0 0 0 0 0 0 0 0 0 0 0]]
/home/einnew90/2-qubit/H2/lagos/H2.py:816: ComplexWarning: Casting complex values to real discards the imaginary part
  eigen_energies_qzmc[alpha,i] = eigen_energies_qzmc[alpha-1,i] + dE1
1 0.7277644649831976 -0.0024310685247410646
# 1/4: 10.0%
2 0.733082174546405 -0.007984461776467722
# 1/4: 20.0%
3 0.7273585840889544 -0.00876156127085892
# 1/4: 30.0%
4 0.7291972440391653 -0.01053939962172179
# 1/4: 40.0%
5 0.6821885686593392 -0.01098060704921866
# 1/4: 50.0%
6 0.702161885133642 -0.014656656244409705
# 1/4: 60.0%
7 0.6619673173456454 -0.015065976397232284
# 1/4: 70.0%
8 0.6149940428374707 -0.019041371707357424
# 1/4: 80.0%
9 0.6099866603604748 -0.01748817702044292
# 1/4: 90.0%
10 0.6059125661217496 -0.015682723535239917
# 1/4: 100.0%
1 0.6865877025047596 0.005029733787822455
# 2/4: 10.0%
2 0.6936626229700582 0.010770866972289905
# 2/4: 20.0%
3 0.7135685751618989 0.013260296770522428
# 2/4: 30.0%
4 0.6954842177430414 0.01351663275136028
# 2/4: 40.0%
5 0.6971235863152809 0.011891141711389164
# 2/4: 50.0%
6 0.6743878049540047 0.010349676164372879
# 2/4: 60.0%
7 0.7283965027500908 0.010224026780850881
# 2/4: 70.0%
8 0.7282148670786871 0.009870614130553124
# 2/4: 80.0%
9 0.7216470219159653 0.011361103607030687
# 2/4: 90.0%
10 0.7167411367381323 0.011235146167823507
# 2/4: 100.0%
1 0.7607686937653139 -0.0023661277451040297
# 3/4: 10.0%
2 0.7547560619020282 -0.003136497023951801
# 3/4: 20.0%
3 0.7333417808831029 0.00026769538878079757
# 3/4: 30.0%
4 0.760106284089979 -0.0014400532795569854
# 3/4: 40.0%
5 0.7265795700128453 -0.0016488495480462273
# 3/4: 50.0%
6 0.7324281459414617 -0.0014267177814950571
# 3/4: 60.0%
waiting...
7 0.7216289829423606 -0.00048551266940144444
# 3/4: 70.0%
/home/einnew90/qiskit/venv/lib/python3.10/site-packages/qiskit_ibm_runtime/qiskit_runtime_service.py:1009: UserWarning: The backend ibm_lagos currently has a status of dedicated.
  warnings.warn(
waiting...
## There was a problem in submitting job_ids[0], 
  cmfkhkyhjwn00086hhbg

waiting...
## There was a problem in submitting job_ids[0], 
  cmfknzqfysfg008t39m0

waiting...
8 0.6981649568411412 0.0014023793643946902
# 3/4: 80.0%
waiting...
9 0.7143442354820297 0.0013498825321831553
# 3/4: 90.0%
waiting...
## There was a problem in submitting job_ids[0], 
  cmfn0dshjwn00086hjvg

waiting...
10 0.7374981546053568 0.0013904537022602081
# 3/4: 100.0%
waiting...
1 0.7461561085509472 0.005212164664819996
# 4/4: 10.0%
waiting...
2 0.7579503417861527 0.004386136805139329
# 4/4: 20.0%
waiting...
3 0.7619865995538188 0.00929834062335951
# 4/4: 30.0%
waiting...
4 0.749656728593016 0.012925604093219883
# 4/4: 40.0%
waiting...
5 0.726516712386808 0.011722551786613189
# 4/4: 50.0%
waiting...
## There was a problem in submitting job_ids[0], 
  cmftcqt8vz2g008db350

waiting...
6 0.7394484692792703 0.012000298646112295
# 4/4: 60.0%
waiting...
7 0.7150917558824307 0.013946947569731916
# 4/4: 70.0%
waiting...
## There was a problem in submitting job_ids[0], 
  cmg4c00pdcng008ejvs0

waiting...
8 0.6782110240902797 0.009700672469125649
# 4/4: 80.0%
waiting...
9 0.6543560625528352 0.011727953853860051
# 4/4: 90.0%
waiting...
## There was a problem in submitting job_ids[0], 
  cmg8pga1db9g008cwhq0

waiting...
10 0.6294932573698397 0.012319090813065592
# 4/4: 100.0%
