nohup: ignoring input
[0.  0.5 1.  1.5 2.  2.5 3.  3.5 4.  4.5 5. ]
0 SparsePauliOp(['IX', 'XI'],
              coeffs=[-1.+0.j, -1.+0.j])
1 SparsePauliOp(['IX', 'II', 'XI', 'ZZ'],
              coeffs=[-1.  +0.j, -0.25+0.j, -1.  +0.j, -0.25+0.j])
2 SparsePauliOp(['IX', 'II', 'XI', 'ZZ'],
              coeffs=[-1. +0.j, -0.5+0.j, -1. +0.j, -0.5+0.j])
3 SparsePauliOp(['IX', 'II', 'XI', 'ZZ'],
              coeffs=[-1.  +0.j, -0.75+0.j, -1.  +0.j, -0.75+0.j])
4 SparsePauliOp(['IX', 'II', 'XI', 'ZZ'],
              coeffs=[-1.+0.j, -1.+0.j, -1.+0.j, -1.+0.j])
5 SparsePauliOp(['IX', 'II', 'XI', 'ZZ'],
              coeffs=[-1.  +0.j, -1.25+0.j, -1.  +0.j, -1.25+0.j])
6 SparsePauliOp(['IX', 'II', 'XI', 'ZZ'],
              coeffs=[-1. +0.j, -1.5+0.j, -1. +0.j, -1.5+0.j])
7 SparsePauliOp(['IX', 'II', 'XI', 'ZZ'],
              coeffs=[-1.  +0.j, -1.75+0.j, -1.  +0.j, -1.75+0.j])
8 SparsePauliOp(['IX', 'II', 'XI', 'ZZ'],
              coeffs=[-1.+0.j, -2.+0.j, -1.+0.j, -2.+0.j])
9 SparsePauliOp(['IX', 'II', 'XI', 'ZZ'],
              coeffs=[-1.  +0.j, -2.25+0.j, -1.  +0.j, -2.25+0.j])
10 SparsePauliOp(['IX', 'II', 'XI', 'ZZ'],
              coeffs=[-1. +0.j, -2.5+0.j, -1. +0.j, -2.5+0.j])
SparsePauliOp(['II', 'ZZ'],
              coeffs=[-0.25+0.j, -0.25+0.j])
SparsePauliOp(['II', 'ZZ'],
              coeffs=[-0.25+0.j, -0.25+0.j])
SparsePauliOp(['II', 'ZZ'],
              coeffs=[-0.25+0.j, -0.25+0.j])
SparsePauliOp(['II', 'ZZ'],
              coeffs=[-0.25+0.j, -0.25+0.j])
SparsePauliOp(['II', 'ZZ'],
              coeffs=[-0.25+0.j, -0.25+0.j])
SparsePauliOp(['II', 'ZZ'],
              coeffs=[-0.25+0.j, -0.25+0.j])
SparsePauliOp(['II', 'ZZ'],
              coeffs=[-0.25+0.j, -0.25+0.j])
SparsePauliOp(['II', 'ZZ'],
              coeffs=[-0.25+0.j, -0.25+0.j])
SparsePauliOp(['II', 'ZZ'],
              coeffs=[-0.25+0.j, -0.25+0.j])
SparsePauliOp(['II', 'ZZ'],
              coeffs=[-0.25+0.j, -0.25+0.j])
[('II', (-0.24999999999999992+0j)), ('ZZ', (-0.24999999999999992+0j))]
[('II', (-0.24999999999999992+0j)), ('ZZ', (-0.24999999999999992+0j))]
[('II', (-0.24999999999999983+0j)), ('ZZ', (-0.24999999999999983+0j))]
[('II', (-0.25+0j)), ('ZZ', (-0.25+0j))]
[('II', (-0.2499999999999999+0j)), ('ZZ', (-0.2499999999999999+0j))]
[('II', (-0.24999999999999978+0j)), ('ZZ', (-0.24999999999999978+0j))]
[('II', (-0.24999999999999978+0j)), ('ZZ', (-0.24999999999999978+0j))]
[('II', (-0.2500000000000002+0j)), ('ZZ', (-0.2500000000000002+0j))]
[('II', (-0.24999999999999978+0j)), ('ZZ', (-0.24999999999999978+0j))]
[('II', (-0.25+0j)), ('ZZ', (-0.25+0j))]
/home/einnew90/2-qubit/dimer/perth/dimer.py:156: ComplexWarning: Casting complex values to real discards the imaginary part
  norms_exact[alpha,i] = phi.conj()@phi
[1. 1. 1. 1.] [-2.00000000e+00 -1.50145878e-16  3.14944608e-16  2.00000000e+00]
[0.99613894 1.         1.         0.99613894] [-2.26556444e+00 -5.00000000e-01  6.93334780e-33  1.76556444e+00]
[0.99251986 1.         1.         0.99251986] [-2.56155281e+00 -1.00000000e+00  6.16297582e-33  1.56155281e+00]
[0.98931038 1.         1.         0.98931038] [-2.88600094e+00 -1.50000000e+00 -2.22044605e-16  1.38600094e+00]
[0.98659248 1.         1.         0.98659248] [-3.23606798e+00 -2.00000000e+00 -2.22044605e-16  1.23606798e+00]
[0.98437041 1.         1.         0.98437041] [-3.60849528 -2.5         0.          1.10849528]
[0.98259756 1.         1.         0.98259756] [-4. -3.  0.  1.]
[0.9812043 1.        1.        0.9812043] [-4.40753645 -3.5         0.          0.90753645]
[0.98011769 1.         1.         0.98011769] [-4.82842712 -4.          0.          0.82842712]
[0.97927203 1.         1.         0.97927203] [-5.26039864 -4.5         0.          0.76039864]
[0.9786127 1.        1.        0.9786127] [-5.70156212 -5.          0.          0.70156212]
[0.5+0.j 0.5+0.j 0.5+0.j 0.5+0.j]
[ 7.07106781e-01+0.j -8.32667268e-17+0.j  1.52655666e-16+0.j
 -7.07106781e-01+0.j]
[ 0.00000000e+00+0.j  7.07106781e-01+0.j -7.07106781e-01+0.j
 -4.16333634e-17+0.j]
[-0.5+0.j  0.5+0.j  0.5+0.j -0.5+0.j]
[0.5+0.j 0.5+0.j 0.5+0.j 0.5+0.j]
[0.5+0.j 0.5+0.j 0.5+0.j 0.5+0.j]
##
[ 0.70710678+0.j  0.        +0.j  0.        +0.j -0.70710678+0.j]
[ 7.07106781e-01+0.j -8.32667268e-17+0.j  1.52655666e-16+0.j
 -7.07106781e-01+0.j]
##
[ 0.        +0.j -0.70710678+0.j  0.70710678+0.j  0.        +0.j]
[ 0.00000000e+00+0.j  7.07106781e-01+0.j -7.07106781e-01+0.j
 -4.16333634e-17+0.j]
##
[ 0.5+0.j -0.5+0.j -0.5+0.j  0.5+0.j]
[-0.5+0.j  0.5+0.j  0.5+0.j -0.5+0.j]
##
7 300
SparsePauliOp(['IIZ'],
              coeffs=[1.+0.j])
/home/einnew90/2-qubit/dimer/perth/dimer.py:804: ComplexWarning: Casting complex values to real discards the imaginary part
  eigen_energies_qzmc[alpha,i] = eigen_energies_qzmc[alpha-1,i] + dE1
1 0.6760861064246525 -0.008314263853756998
# 1/4: 10.0%
2 0.7001438299829934 -0.009226937900356003
# 1/4: 20.0%
3 0.7235044955816707 -0.008790455567049715
# 1/4: 30.0%
4 0.6673096274641171 -0.024322577496197706
# 1/4: 40.0%
5 0.7149685313272514 -0.0043257645038328185
# 1/4: 50.0%
6 0.5478857404160483 -0.021836033582956382
# 1/4: 60.0%
7 0.7117268720496207 -0.02066204459135168
# 1/4: 70.0%
8 0.702539216575854 -0.016497025740622284
# 1/4: 80.0%
9 0.6961692230473385 -0.010732147293407657
# 1/4: 90.0%
10 0.6505279447734932 -0.027129540726123835
# 1/4: 100.0%
1 0.6640485704977307 0.02201376393109672
# 2/4: 10.0%
2 0.656365588801797 0.037513767999964975
# 2/4: 20.0%
3 0.6559275896345579 0.04740106266021349
# 2/4: 30.0%
4 0.6423041986023086 0.05100217423681386
# 2/4: 40.0%
5 0.6291037661274058 0.05181517281182968
# 2/4: 50.0%
/home/einnew90/qiskit/venv/lib/python3.10/site-packages/qiskit_ibm_runtime/qiskit_runtime_service.py:1009: UserWarning: The backend ibm_perth currently has a status of dedicated.
  warnings.warn(
waiting...
## There was a problem in submitting job_ids[0], 
  cme7wfhy4c00008hyf7g

waiting...
6 0.6491343522743631 0.05500628529988916
# 2/4: 60.0%
waiting...
7 0.631060682874604 0.05253965855425591
# 2/4: 70.0%
waiting...
8 0.6317269387040233 0.05500103320156047
# 2/4: 80.0%
waiting...
## There was a problem in submitting job_ids[0], 
  cmedgp24z12g008ndecg

waiting...
9 0.6199581482930384 0.056660380194172966
# 2/4: 90.0%
waiting...
10 0.6112277010895193 0.051621265224846447
# 2/4: 100.0%
waiting...
1 0.6915090447614186 -0.01944917782028573
# 3/4: 10.0%
waiting...
2 0.7240534326587265 -0.029004153171917086
# 3/4: 20.0%
waiting...
3 0.7139368266899961 -0.03442002577486035
# 3/4: 30.0%
waiting...
4 0.6995753495760799 -0.03328873122519686
# 3/4: 40.0%
waiting...
## There was a problem in submitting job_ids[0], 
  cmewf34b9tmg008dvh7g

waiting...
5 0.7042288469085992 -0.03041729317288404
# 3/4: 50.0%
waiting...
6 0.7059881490817236 -0.03979663025467316
# 3/4: 60.0%
waiting...
## There was a problem in submitting job_ids[0], 
  cmex7vzrc9gg008cr3k0

waiting...
7 0.688393497153022 -0.044019249994199885
# 3/4: 70.0%
waiting...
## There was a problem in submitting job_ids[0], 
  cmf08tk0n6sg0082y5v0

waiting...
## There was a problem in submitting job_ids[0], 
  cmf0bwzfg83g008j65tg

waiting...
8 0.6880547332033383 -0.046632562468905556
# 3/4: 80.0%
waiting...
9 0.6860645509798146 -0.049547251824577324
# 3/4: 90.0%
waiting...
10 0.6810276738911041 -0.05176499153209567
# 3/4: 100.0%
waiting...
1 0.725781332400032 0.0003643294996453772
# 4/4: 10.0%
waiting...
2 0.7016914928510686 0.0014453391144391148
# 4/4: 20.0%
waiting...
3 0.7143723736205121 0.001415551671432036
# 4/4: 30.0%
waiting...
4 0.7057368028864148 0.0049891164470246
# 4/4: 40.0%
waiting...
5 0.7482703906904762 0.010059307237580528
# 4/4: 50.0%
waiting...
## There was a problem in submitting job_ids[0], 
  cmf2gfswwm10008d873g

waiting...
6 0.7140429909168816 0.01220121048349998
# 4/4: 60.0%
waiting...
7 0.7177706588535344 0.008759525967903414
# 4/4: 70.0%
waiting...
8 0.6852162607091214 0.0076814834602136894
# 4/4: 80.0%
waiting...
## There was a problem in submitting job_ids[0], 
  cmf3m1ghjwn00086gvng

waiting...
## There was a problem in submitting job_ids[0], 
  cmf3rm27kkp0008q0dsg

waiting...
9 0.6863374838591395 0.014448252839389886
# 4/4: 90.0%
waiting...
10 0.7077004491192844 0.01603953580385209
# 4/4: 100.0%
