[0.  0.5 1.  1.5 2.  2.5 3.  3.5 4.  4.5 5. ]
0 SparsePauliOp(['IX', 'XI'],
              coeffs=[-1.+0.j, -1.+0.j])
1 SparsePauliOp(['IX', 'II', 'XI', 'ZZ'],
              coeffs=[-1.  +0.j, -0.25+0.j, -1.  +0.j, -0.25+0.j])
2 SparsePauliOp(['IX', 'II', 'XI', 'ZZ'],
              coeffs=[-1. +0.j, -0.5+0.j, -1. +0.j, -0.5+0.j])
3 SparsePauliOp(['IX', 'II', 'XI', 'ZZ'],
              coeffs=[-1.  +0.j, -0.75+0.j, -1.  +0.j, -0.75+0.j])
4 SparsePauliOp(['IX', 'II', 'XI', 'ZZ'],
              coeffs=[-1.+0.j, -1.+0.j, -1.+0.j, -1.+0.j])
5 SparsePauliOp(['IX', 'II', 'XI', 'ZZ'],
              coeffs=[-1.  +0.j, -1.25+0.j, -1.  +0.j, -1.25+0.j])
6 SparsePauliOp(['IX', 'II', 'XI', 'ZZ'],
              coeffs=[-1. +0.j, -1.5+0.j, -1. +0.j, -1.5+0.j])
7 SparsePauliOp(['IX', 'II', 'XI', 'ZZ'],
              coeffs=[-1.  +0.j, -1.75+0.j, -1.  +0.j, -1.75+0.j])
8 SparsePauliOp(['IX', 'II', 'XI', 'ZZ'],
              coeffs=[-1.+0.j, -2.+0.j, -1.+0.j, -2.+0.j])
9 SparsePauliOp(['IX', 'II', 'XI', 'ZZ'],
              coeffs=[-1.  +0.j, -2.25+0.j, -1.  +0.j, -2.25+0.j])
10 SparsePauliOp(['IX', 'II', 'XI', 'ZZ'],
              coeffs=[-1. +0.j, -2.5+0.j, -1. +0.j, -2.5+0.j])
SparsePauliOp(['II', 'ZZ'],
              coeffs=[-0.25+0.j, -0.25+0.j])
SparsePauliOp(['II', 'ZZ'],
              coeffs=[-0.25+0.j, -0.25+0.j])
SparsePauliOp(['II', 'ZZ'],
              coeffs=[-0.25+0.j, -0.25+0.j])
SparsePauliOp(['II', 'ZZ'],
              coeffs=[-0.25+0.j, -0.25+0.j])
SparsePauliOp(['II', 'ZZ'],
              coeffs=[-0.25+0.j, -0.25+0.j])
SparsePauliOp(['II', 'ZZ'],
              coeffs=[-0.25+0.j, -0.25+0.j])
SparsePauliOp(['II', 'ZZ'],
              coeffs=[-0.25+0.j, -0.25+0.j])
SparsePauliOp(['II', 'ZZ'],
              coeffs=[-0.25+0.j, -0.25+0.j])
SparsePauliOp(['II', 'ZZ'],
              coeffs=[-0.25+0.j, -0.25+0.j])
SparsePauliOp(['II', 'ZZ'],
              coeffs=[-0.25+0.j, -0.25+0.j])
[('II', (-0.24999999999999992+0j)), ('ZZ', (-0.24999999999999992+0j))]
[('II', (-0.24999999999999992+0j)), ('ZZ', (-0.24999999999999992+0j))]
[('II', (-0.24999999999999983+0j)), ('ZZ', (-0.24999999999999983+0j))]
[('II', (-0.25+0j)), ('ZZ', (-0.25+0j))]
[('II', (-0.2499999999999999+0j)), ('ZZ', (-0.2499999999999999+0j))]
[('II', (-0.24999999999999978+0j)), ('ZZ', (-0.24999999999999978+0j))]
[('II', (-0.24999999999999978+0j)), ('ZZ', (-0.24999999999999978+0j))]
[('II', (-0.2500000000000002+0j)), ('ZZ', (-0.2500000000000002+0j))]
[('II', (-0.24999999999999978+0j)), ('ZZ', (-0.24999999999999978+0j))]
[('II', (-0.25+0j)), ('ZZ', (-0.25+0j))]
/home/einnew90/2-qubit/dimer/qasm/dimer.py:156: ComplexWarning: Casting complex values to real discards the imaginary part
  norms_exact[alpha,i] = phi.conj()@phi
[1. 1. 1. 1.] [-2.00000000e+00 -1.50145878e-16  3.14944608e-16  2.00000000e+00]
[0.99613894 1.         1.         0.99613894] [-2.26556444e+00 -5.00000000e-01  6.93334780e-33  1.76556444e+00]
[0.99251986 1.         1.         0.99251986] [-2.56155281e+00 -1.00000000e+00  6.16297582e-33  1.56155281e+00]
[0.98931038 1.         1.         0.98931038] [-2.88600094e+00 -1.50000000e+00 -2.22044605e-16  1.38600094e+00]
[0.98659248 1.         1.         0.98659248] [-3.23606798e+00 -2.00000000e+00 -2.22044605e-16  1.23606798e+00]
[0.98437041 1.         1.         0.98437041] [-3.60849528 -2.5         0.          1.10849528]
[0.98259756 1.         1.         0.98259756] [-4. -3.  0.  1.]
[0.9812043 1.        1.        0.9812043] [-4.40753645 -3.5         0.          0.90753645]
[0.98011769 1.         1.         0.98011769] [-4.82842712 -4.          0.          0.82842712]
[0.97927203 1.         1.         0.97927203] [-5.26039864 -4.5         0.          0.76039864]
[0.9786127 1.        1.        0.9786127] [-5.70156212 -5.          0.          0.70156212]
[0.5+0.j 0.5+0.j 0.5+0.j 0.5+0.j]
[ 7.07106781e-01+0.j -8.32667268e-17+0.j  1.52655666e-16+0.j
 -7.07106781e-01+0.j]
[ 0.00000000e+00+0.j  7.07106781e-01+0.j -7.07106781e-01+0.j
 -4.16333634e-17+0.j]
[-0.5+0.j  0.5+0.j  0.5+0.j -0.5+0.j]
[0.5+0.j 0.5+0.j 0.5+0.j 0.5+0.j]
[0.5+0.j 0.5+0.j 0.5+0.j 0.5+0.j]
##
[ 0.70710678+0.j  0.        +0.j  0.        +0.j -0.70710678+0.j]
[ 7.07106781e-01+0.j -8.32667268e-17+0.j  1.52655666e-16+0.j
 -7.07106781e-01+0.j]
##
[ 0.        +0.j -0.70710678+0.j  0.70710678+0.j  0.        +0.j]
[ 0.00000000e+00+0.j  7.07106781e-01+0.j -7.07106781e-01+0.j
 -4.16333634e-17+0.j]
##
[ 0.5+0.j -0.5+0.j -0.5+0.j  0.5+0.j]
[-0.5+0.j  0.5+0.j  0.5+0.j -0.5+0.j]
##
32 300
SparsePauliOp(['IIZ'],
              coeffs=[1.+0.j])
waiting...
/home/einnew90/2-qubit/dimer/qasm/dimer.py:754: ComplexWarning: Casting complex values to real discards the imaginary part
  eigen_energies_qzmc[alpha,i] = eigen_energies_qzmc[alpha-1,i] + dE1
1 0.996365 -0.0013169266826205117
# 1/4: 10.0%
waiting...
2 0.9919100000000003 0.005155515146277878
# 1/4: 20.0%
waiting...
3 0.986065 0.0088020180840096
# 1/4: 30.0%
waiting...
4 0.9844900000000001 0.004798677635507342
# 1/4: 40.0%
waiting...
5 0.9784700000000002 0.0031649490864840146
# 1/4: 50.0%
waiting...
6 0.9808500000000003 -1.2242476373991451e-05
# 1/4: 60.0%
waiting...
7 0.9745250000000002 0.0007593765573163935
# 1/4: 70.0%
waiting...
8 0.9764250000000007 -0.004587246091180219
# 1/4: 80.0%
waiting...
9 0.975055 -0.0052220919340459915
# 1/4: 90.0%
waiting...
10 0.9720849999999998 -0.004934415814027204
# 1/4: 100.0%
waiting...
1 1.0 -1.1102230246251565e-16
# 2/4: 10.0%
waiting...
2 1.0 -2.220446049250313e-16
# 2/4: 20.0%
waiting...
3 1.0 2.220446049250313e-16
# 2/4: 30.0%
waiting...
4 1.0 -4.440892098500626e-16
# 2/4: 40.0%
waiting...
5 1.0 4.440892098500626e-16
# 2/4: 50.0%
waiting...
6 1.0 0.0
# 2/4: 60.0%
waiting...
7 1.0 -8.881784197001252e-16
# 2/4: 70.0%
waiting...
8 1.0 -8.881784197001252e-16
# 2/4: 80.0%
waiting...
9 1.0 -2.6645352591003757e-15
# 2/4: 90.0%
waiting...
10 1.0 -8.881784197001252e-16
# 2/4: 100.0%
waiting...
1 1.0 3.704557589664295e-16
# 3/4: 10.0%
waiting...
2 1.0 4.259669101976873e-16
# 3/4: 20.0%
waiting...
3 1.0 7.867893932008632e-16
# 3/4: 30.0%
waiting...
4 1.0 7.867893932008632e-16
# 3/4: 40.0%
waiting...
5 1.0 6.480115151227186e-16
# 3/4: 50.0%
waiting...
6 1.0 8.42300544432121e-16
# 3/4: 60.0%
waiting...
7 1.0 1.0365895737415233e-15
# 3/4: 70.0%
waiting...
8 1.0 8.700561200477498e-16
# 3/4: 80.0%
waiting...
9 1.0 1.0643451493571522e-15
# 3/4: 90.0%
waiting...
10 1.0 1.0643451493571522e-15
# 3/4: 100.0%
waiting...
1 0.9961850000000001 -0.0019198831012283701
# 4/4: 10.0%
waiting...
2 0.9899500000000002 -0.001902147415652422
# 4/4: 20.0%
waiting...
3 0.989055 -0.005224297153150426
# 4/4: 30.0%
waiting...
4 0.985 -0.009999460150967865
# 4/4: 40.0%
waiting...
5 0.9800850000000003 -0.014456130465321682
# 4/4: 50.0%
waiting...
6 0.9763699999999998 -0.015111323192948944
# 4/4: 60.0%
waiting...
7 0.975315 -0.01643542446979096
# 4/4: 70.0%
waiting...
8 0.9737350000000002 -0.015866458656645266
# 4/4: 80.0%
waiting...
9 0.9753100000000007 -0.018453987877378397
# 4/4: 90.0%
waiting...
10 0.9724749999999998 -0.015832274615850572
# 4/4: 100.0%
